<?xml version="1.0" encoding="UTF-8"?>
<!-- Generated by org.testng.reporters.JUnitReportReporter -->
<testsuite hostname="Mandara06011999" failures="0" tests="1" name="authentication.BasicAuth" time="5.005" errors="0" timestamp="2022-11-04T17:57:50 IST" skipped="0">
  <testcase classname="authentication.BasicAuth" name="basicAuth" time="5.005"/>
  <system-out/>
</testsuite> <!-- authentication.BasicAuth -->
