<?xml version="1.0" encoding="UTF-8"?>
<!-- Generated by org.testng.reporters.JUnitReportReporter -->
<testsuite hostname="Mandara06011999" failures="0" tests="1" name="CRUDOperationUsingTDD.GetRequest2Test" time="2.470" errors="0" timestamp="2022-11-05T10:12:10 IST" skipped="0">
  <testcase classname="CRUDOperationUsingTDD.GetRequest2Test" name="getRequestTest" time="2.470"/>
  <system-out/>
</testsuite> <!-- CRUDOperationUsingTDD.GetRequest2Test -->
