<?xml version="1.0" encoding="UTF-8"?>
<!-- Generated by org.testng.reporters.JUnitReportReporter -->
<testsuite hostname="Mandara06011999" failures="0" tests="1" name="CRUDOperationUsingTDD.PostRequestTest" time="4.554" errors="0" timestamp="2022-11-05T10:11:33 IST" skipped="0">
  <testcase classname="CRUDOperationUsingTDD.PostRequestTest" name="postRequestTest" time="4.554"/>
  <system-out/>
</testsuite> <!-- CRUDOperationUsingTDD.PostRequestTest -->
