<?xml version="1.0" encoding="UTF-8"?>
<!-- Generated by org.testng.reporters.JUnitReportReporter -->
<testsuite hostname="Mandara06011999" failures="0" tests="1" name="CRUDOperationUsingTDD.GetRequest1Test" time="2.363" errors="0" timestamp="2022-11-05T10:11:55 IST" skipped="0">
  <testcase classname="CRUDOperationUsingTDD.GetRequest1Test" name="getRequestTest" time="2.363"/>
  <system-out/>
</testsuite> <!-- CRUDOperationUsingTDD.GetRequest1Test -->
