<?xml version="1.0" encoding="UTF-8"?>
<!-- Generated by org.testng.reporters.JUnitReportReporter -->
<testsuite hostname="Mandara06011999" failures="0" tests="1" name="authentication.Bearer_Token" time="7.149" errors="0" timestamp="2022-11-04T17:55:23 IST" skipped="0">
  <testcase classname="authentication.Bearer_Token" name="bearerPost" time="7.149"/>
  <system-out/>
</testsuite> <!-- authentication.Bearer_Token -->
